\BOOKMARK [0][-]{chapter.1}{Introducci\363n}{}% 1
\BOOKMARK [1][-]{section.1.1}{Planteamiento\040del\040problema}{chapter.1}% 2
\BOOKMARK [1][-]{section.1.2}{Objetivos}{chapter.1}% 3
\BOOKMARK [1][-]{section.1.3}{Soluci\363n\040propuesta}{chapter.1}% 4
\BOOKMARK [0][-]{chapter.2}{Estado\040del\040arte}{}% 5
\BOOKMARK [1][-]{section.2.1}{Patrones\040de\040dise\361o}{chapter.2}% 6
\BOOKMARK [1][-]{section.2.2}{Patrones\040de\040arquitectura}{chapter.2}% 7
\BOOKMARK [1][-]{section.2.3}{Frameworks}{chapter.2}% 8
\BOOKMARK [2][-]{subsection.2.3.1}{Frameworks\040de\040java\040para\040microservicios}{section.2.3}% 9
\BOOKMARK [1][-]{section.2.4}{Bases\040de\040datos}{chapter.2}% 10
\BOOKMARK [2][-]{subsection.2.4.1}{Pros\040y\040contras\040bases\040de\040datos\040relacionales}{section.2.4}% 11
\BOOKMARK [2][-]{subsection.2.4.2}{Pros\040y\040contras\040bases\040de\040datos\040no\040relacionales}{section.2.4}% 12
\BOOKMARK [1][-]{section.2.5}{Microservicios}{chapter.2}% 13
\BOOKMARK [2][-]{subsection.2.5.1}{Pros\040y\040contras\040de\040los\040microservicios}{section.2.5}% 14
\BOOKMARK [2][-]{subsection.2.5.2}{Ejemplos\040de\040empresas\040que\040utilizan\040microservicios}{section.2.5}% 15
\BOOKMARK [0][-]{chapter.3}{Justificaci\363n\040de\040la\040soluci\363n}{}% 16
\BOOKMARK [1][-]{section.3.1}{SOA\040vs\040Microservicios}{chapter.3}% 17
\BOOKMARK [2][-]{subsection.3.1.1}{Ejemplo\040de\040visi\363n\040monol\355tica\040vs\040visi\363n\040de\040microservicio}{section.3.1}% 18
\BOOKMARK [0][-]{chapter.4}{Desarrollo\040de\040la\040aplicaci\363n}{}% 19
\BOOKMARK [0][-]{figure.caption.13}{Bibliograf\355a}{}% 20
